# JRE version: Java(TM) SE Runtime Environment (7.0_75-b13) (build 1.7.0_75-b13)
# Java VM: Java HotSpot(TM) 64-Bit Server VM (24.75-b04 mixed mode windows-amd64 compressed oops)
Heap
 PSYoungGen      total 199168K, used 6850K [0x00000000eaa80000, 0x00000000fb500000, 0x0000000100000000)
  eden space 192000K, 0% used [0x00000000eaa80000,0x00000000eaa80000,0x00000000f6600000)
  from space 7168K, 95% used [0x00000000f6d00000,0x00000000f73b0bc8,0x00000000f7400000)
  to   space 40448K, 0% used [0x00000000f8d80000,0x00000000f8d80000,0x00000000fb500000)
 ParOldGen       total 173568K, used 152083K [0x00000000c0000000, 0x00000000ca980000, 0x00000000eaa80000)
  object space 173568K, 87% used [0x00000000c0000000,0x00000000c9484e40,0x00000000ca980000)
 PSPermGen       total 130048K, used 101342K [0x00000000b0000000, 0x00000000b7f00000, 0x00000000c0000000)
  object space 130048K, 77% used [0x00000000b0000000,0x00000000b62f79a8,0x00000000b7f00000)
GC Heap History (10 events):
Event: 221.356 GC heap after
Heap after GC invocations=17 (full 2):
 PSYoungGen      total 249344K, used 25658K [0x00000000eaa80000, 0x00000000fd980000, 0x0000000100000000)
  eden space 223232K, 0% used [0x00000000eaa80000,0x00000000eaa80000,0x00000000f8480000)
  from space 26112K, 98% used [0x00000000f8d00000,0x00000000fa60e990,0x00000000fa680000)
  to   space 43520K, 0% used [0x00000000faf00000,0x00000000faf00000,0x00000000fd980000)
 ParOldGen       total 173568K, used 114806K [0x00000000c0000000, 0x00000000ca980000, 0x00000000eaa80000)
  object space 173568K, 66% used [0x00000000c0000000,0x00000000c701d8d0,0x00000000ca980000)
 PSPermGen       total 130048K, used 91444K [0x00000000b0000000, 0x00000000b7f00000, 0x00000000c0000000)
  object space 130048K, 70% used [0x00000000b0000000,0x00000000b594d000,0x00000000b7f00000)
}
Event: 221.844 GC heap before
{Heap before GC invocations=18 (full 2):
 PSYoungGen      total 249344K, used 248890K [0x00000000eaa80000, 0x00000000fd980000, 0x0000000100000000)
  eden space 223232K, 100% used [0x00000000eaa80000,0x00000000f8480000,0x00000000f8480000)
  from space 26112K, 98% used [0x00000000f8d00000,0x00000000fa60e990,0x00000000fa680000)
  to   space 43520K, 0% used [0x00000000faf00000,0x00000000faf00000,0x00000000fd980000)
 ParOldGen       total 173568K, used 114806K [0x00000000c0000000, 0x00000000ca980000, 0x00000000eaa80000)
  object space 173568K, 66% used [0x00000000c0000000,0x00000000c701d8d0,0x00000000ca980000)
 PSPermGen       total 130048K, used 91496K [0x00000000b0000000, 0x00000000b7f00000, 0x00000000c0000000)
  object space 130048K, 70% used [0x00000000b0000000,0x00000000b595a278,0x00000000b7f00000)
Event: 221.855 GC heap after
Heap after GC invocations=18 (full 2):
 PSYoungGen      total 252416K, used 3424K [0x00000000eaa80000, 0x00000000fd380000, 0x0000000100000000)
  eden space 215040K, 0% used [0x00000000eaa80000,0x00000000eaa80000,0x00000000f7c80000)
  from space 37376K, 9% used [0x00000000faf00000,0x00000000fb258060,0x00000000fd380000)
  to   space 44544K, 0% used [0x00000000f7c80000,0x00000000f7c80000,0x00000000fa800000)
 ParOldGen       total 173568K, used 133324K [0x00000000c0000000, 0x00000000ca980000, 0x00000000eaa80000)
  object space 173568K, 76% used [0x00000000c0000000,0x00000000c8233308,0x00000000ca980000)
 PSPermGen       total 130048K, used 91496K [0x00000000b0000000, 0x00000000b7f00000, 0x00000000c0000000)
  object space 130048K, 70% used [0x00000000b0000000,0x00000000b595a278,0x00000000b7f00000)
}
Event: 233.119 GC heap before
{Heap before GC invocations=19 (full 2):
 PSYoungGen      total 252416K, used 218464K [0x00000000eaa80000, 0x00000000fd380000, 0x0000000100000000)
  eden space 215040K, 100% used [0x00000000eaa80000,0x00000000f7c80000,0x00000000f7c80000)
  from space 37376K, 9% used [0x00000000faf00000,0x00000000fb258060,0x00000000fd380000)
  to   space 44544K, 0% used [0x00000000f7c80000,0x00000000f7c80000,0x00000000fa800000)
 ParOldGen       total 173568K, used 133324K [0x00000000c0000000, 0x00000000ca980000, 0x00000000eaa80000)
  object space 173568K, 76% used [0x00000000c0000000,0x00000000c8233308,0x00000000ca980000)
 PSPermGen       total 130048K, used 96962K [0x00000000b0000000, 0x00000000b7f00000, 0x00000000c0000000)
  object space 130048K, 74% used [0x00000000b0000000,0x00000000b5eb0ba0,0x00000000b7f00000)
Event: 233.130 GC heap after
Heap after GC invocations=19 (full 2):
 PSYoungGen      total 223232K, used 15953K [0x00000000eaa80000, 0x00000000fc780000, 0x0000000100000000)
  eden space 206848K, 0% used [0x00000000eaa80000,0x00000000eaa80000,0x00000000f7480000)
  from space 16384K, 97% used [0x00000000f7c80000,0x00000000f8c146b8,0x00000000f8c80000)
  to   space 42496K, 0% used [0x00000000f9e00000,0x00000000f9e00000,0x00000000fc780000)
 ParOldGen       total 173568K, used 133724K [0x00000000c0000000, 0x00000000ca980000, 0x00000000eaa80000)
  object space 173568K, 77% used [0x00000000c0000000,0x00000000c8297368,0x00000000ca980000)
 PSPermGen       total 130048K, used 96962K [0x00000000b0000000, 0x00000000b7f00000, 0x00000000c0000000)
  object space 130048K, 74% used [0x00000000b0000000,0x00000000b5eb0ba0,0x00000000b7f00000)
}
Event: 235.039 GC heap before
{Heap before GC invocations=20 (full 2):
 PSYoungGen      total 223232K, used 222801K [0x00000000eaa80000, 0x00000000fc780000, 0x0000000100000000)
  eden space 206848K, 100% used [0x00000000eaa80000,0x00000000f7480000,0x00000000f7480000)
  from space 16384K, 97% used [0x00000000f7c80000,0x00000000f8c146b8,0x00000000f8c80000)
  to   space 42496K, 0% used [0x00000000f9e00000,0x00000000f9e00000,0x00000000fc780000)
 ParOldGen       total 173568K, used 133724K [0x00000000c0000000, 0x00000000ca980000, 0x00000000eaa80000)
  object space 173568K, 77% used [0x00000000c0000000,0x00000000c8297368,0x00000000ca980000)
 PSPermGen       total 130048K, used 100087K [0x00000000b0000000, 0x00000000b7f00000, 0x00000000c0000000)
  object space 130048K, 76% used [0x00000000b0000000,0x00000000b61bdcf0,0x00000000b7f00000)
Event: 235.058 GC heap after
Heap after GC invocations=20 (full 2):
 PSYoungGen      total 230912K, used 14589K [0x00000000eaa80000, 0x00000000fbd00000, 0x0000000100000000)
  eden space 199168K, 0% used [0x00000000eaa80000,0x00000000eaa80000,0x00000000f6d00000)
  from space 31744K, 45% used [0x00000000f9e00000,0x00000000fac3f438,0x00000000fbd00000)
  to   space 40960K, 0% used [0x00000000f6d00000,0x00000000f6d00000,0x00000000f9500000)
 ParOldGen       total 173568K, used 144324K [0x00000000c0000000, 0x00000000ca980000, 0x00000000eaa80000)
  object space 173568K, 83% used [0x00000000c0000000,0x00000000c8cf12d8,0x00000000ca980000)
 PSPermGen       total 130048K, used 100087K [0x00000000b0000000, 0x00000000b7f00000, 0x00000000c0000000)
  object space 130048K, 76% used [0x00000000b0000000,0x00000000b61bdcf0,0x00000000b7f00000)
}
Event: 237.034 GC heap before
{Heap before GC invocations=21 (full 2):
 PSYoungGen      total 230912K, used 213757K [0x00000000eaa80000, 0x00000000fbd00000, 0x0000000100000000)
  eden space 199168K, 100% used [0x00000000eaa80000,0x00000000f6d00000,0x00000000f6d00000)
  from space 31744K, 45% used [0x00000000f9e00000,0x00000000fac3f438,0x00000000fbd00000)
  to   space 40960K, 0% used [0x00000000f6d00000,0x00000000f6d00000,0x00000000f9500000)
 ParOldGen       total 173568K, used 144324K [0x00000000c0000000, 0x00000000ca980000, 0x00000000eaa80000)
  object space 173568K, 83% used [0x00000000c0000000,0x00000000c8cf12d8,0x00000000ca980000)
 PSPermGen       total 130048K, used 101342K [0x00000000b0000000, 0x00000000b7f00000, 0x00000000c0000000)
  object space 130048K, 77% used [0x00000000b0000000,0x00000000b62f79a8,0x00000000b7f00000)
Event: 237.045 GC heap after
Heap after GC invocations=21 (full 2):
 PSYoungGen      total 199168K, used 6850K [0x00000000eaa80000, 0x00000000fb500000, 0x0000000100000000)
  eden space 192000K, 0% used [0x00000000eaa80000,0x00000000eaa80000,0x00000000f6600000)
  from space 7168K, 95% used [0x00000000f6d00000,0x00000000f73b0bc8,0x00000000f7400000)
  to   space 40448K, 0% used [0x00000000f8d80000,0x00000000f8d80000,0x00000000fb500000)
 ParOldGen       total 173568K, used 152083K [0x00000000c0000000, 0x00000000ca980000, 0x00000000eaa80000)
  object space 173568K, 87% used [0x00000000c0000000,0x00000000c9484e40,0x00000000ca980000)
 PSPermGen       total 130048K, used 101342K [0x00000000b0000000, 0x00000000b7f00000, 0x00000000c0000000)
  object space 130048K, 77% used [0x00000000b0000000,0x00000000b62f79a8,0x00000000b7f00000)
}
Event: 237.045 GC heap before
{Heap before GC invocations=22 (full 3):
 PSYoungGen      total 199168K, used 6850K [0x00000000eaa80000, 0x00000000fb500000, 0x0000000100000000)
  eden space 192000K, 0% used [0x00000000eaa80000,0x00000000eaa80000,0x00000000f6600000)
  from space 7168K, 95% used [0x00000000f6d00000,0x00000000f73b0bc8,0x00000000f7400000)
  to   space 40448K, 0% used [0x00000000f8d80000,0x00000000f8d80000,0x00000000fb500000)
 ParOldGen       total 173568K, used 152083K [0x00000000c0000000, 0x00000000ca980000, 0x00000000eaa80000)
  object space 173568K, 87% used [0x00000000c0000000,0x00000000c9484e40,0x00000000ca980000)
 PSPermGen       total 130048K, used 101342K [0x00000000b0000000, 0x00000000b7f00000, 0x00000000c0000000)
  object space 130048K, 77% used [0x00000000b0000000,0x00000000b62f79a8,0x00000000b7f00000)

