# JRE version: Java(TM) SE Runtime Environment (7.0_75-b13) (build 1.7.0_75-b13)
# Java VM: Java HotSpot(TM) 64-Bit Server VM (24.75-b04 mixed mode windows-amd64 compressed oops)
Heap
 PSYoungGen      total 285696K, used 202016K [0x00000000eaa80000, 0x0000000100000000, 0x0000000100000000)
  eden space 246272K, 66% used [0x00000000eaa80000,0x00000000f494a670,0x00000000f9b00000)
  from space 39424K, 99% used [0x00000000fd980000,0x00000000ffffdc20,0x0000000100000000)
  to   space 51712K, 0% used [0x00000000f9b00000,0x00000000f9b00000,0x00000000fcd80000)
 ParOldGen       total 173568K, used 58590K [0x00000000c0000000, 0x00000000ca980000, 0x00000000eaa80000)
  object space 173568K, 33% used [0x00000000c0000000,0x00000000c3937b28,0x00000000ca980000)
 PSPermGen       total 80384K, used 72698K [0x00000000b0000000, 0x00000000b4e80000, 0x00000000c0000000)
  object space 80384K, 90% used [0x00000000b0000000,0x00000000b46feb20,0x00000000b4e80000)
GC Heap History (10 events):
Event: 4.979 GC heap before
{Heap before GC invocations=7 (full 0):
 PSYoungGen      total 278528K, used 69449K [0x00000000eaa80000, 0x00000000fe480000, 0x0000000100000000)
  eden space 255488K, 18% used [0x00000000eaa80000,0x00000000ed7d4590,0x00000000fa400000)
  from space 23040K, 99% used [0x00000000fc100000,0x00000000fd77e228,0x00000000fd780000)
  to   space 29696K, 0% used [0x00000000fa400000,0x00000000fa400000,0x00000000fc100000)
 ParOldGen       total 173568K, used 18632K [0x00000000c0000000, 0x00000000ca980000, 0x00000000eaa80000)
  object space 173568K, 10% used [0x00000000c0000000,0x00000000c1232210,0x00000000ca980000)
 PSPermGen       total 40448K, used 40036K [0x00000000b0000000, 0x00000000b2780000, 0x00000000c0000000)
  object space 40448K, 98% used [0x00000000b0000000,0x00000000b27192c8,0x00000000b2780000)
Event: 5.002 GC heap after
Heap after GC invocations=7 (full 0):
 PSYoungGen      total 285184K, used 23519K [0x00000000eaa80000, 0x00000000fe880000, 0x0000000100000000)
  eden space 255488K, 0% used [0x00000000eaa80000,0x00000000eaa80000,0x00000000fa400000)
  from space 29696K, 79% used [0x00000000fa400000,0x00000000fbaf7e90,0x00000000fc100000)
  to   space 31744K, 0% used [0x00000000fc980000,0x00000000fc980000,0x00000000fe880000)
 ParOldGen       total 173568K, used 22754K [0x00000000c0000000, 0x00000000ca980000, 0x00000000eaa80000)
  object space 173568K, 13% used [0x00000000c0000000,0x00000000c1638890,0x00000000ca980000)
 PSPermGen       total 40448K, used 40036K [0x00000000b0000000, 0x00000000b2780000, 0x00000000c0000000)
  object space 40448K, 98% used [0x00000000b0000000,0x00000000b27192c8,0x00000000b2780000)
}
Event: 5.002 GC heap before
{Heap before GC invocations=8 (full 1):
 PSYoungGen      total 285184K, used 23519K [0x00000000eaa80000, 0x00000000fe880000, 0x0000000100000000)
  eden space 255488K, 0% used [0x00000000eaa80000,0x00000000eaa80000,0x00000000fa400000)
  from space 29696K, 79% used [0x00000000fa400000,0x00000000fbaf7e90,0x00000000fc100000)
  to   space 31744K, 0% used [0x00000000fc980000,0x00000000fc980000,0x00000000fe880000)
 ParOldGen       total 173568K, used 22754K [0x00000000c0000000, 0x00000000ca980000, 0x00000000eaa80000)
  object space 173568K, 13% used [0x00000000c0000000,0x00000000c1638890,0x00000000ca980000)
 PSPermGen       total 40448K, used 40036K [0x00000000b0000000, 0x00000000b2780000, 0x00000000c0000000)
  object space 40448K, 98% used [0x00000000b0000000,0x00000000b27192c8,0x00000000b2780000)
Event: 5.210 GC heap after
Heap after GC invocations=8 (full 1):
 PSYoungGen      total 285184K, used 0K [0x00000000eaa80000, 0x00000000fe880000, 0x0000000100000000)
  eden space 255488K, 0% used [0x00000000eaa80000,0x00000000eaa80000,0x00000000fa400000)
  from space 29696K, 0% used [0x00000000fa400000,0x00000000fa400000,0x00000000fc100000)
  to   space 31744K, 0% used [0x00000000fc980000,0x00000000fc980000,0x00000000fe880000)
 ParOldGen       total 173568K, used 33991K [0x00000000c0000000, 0x00000000ca980000, 0x00000000eaa80000)
  object space 173568K, 19% used [0x00000000c0000000,0x00000000c2131f18,0x00000000ca980000)
 PSPermGen       total 80384K, used 39983K [0x00000000b0000000, 0x00000000b4e80000, 0x00000000c0000000)
  object space 80384K, 49% used [0x00000000b0000000,0x00000000b270bc60,0x00000000b4e80000)
}
Event: 29.880 GC heap before
{Heap before GC invocations=9 (full 1):
 PSYoungGen      total 285184K, used 255488K [0x00000000eaa80000, 0x00000000fe880000, 0x0000000100000000)
  eden space 255488K, 100% used [0x00000000eaa80000,0x00000000fa400000,0x00000000fa400000)
  from space 29696K, 0% used [0x00000000fa400000,0x00000000fa400000,0x00000000fc100000)
  to   space 31744K, 0% used [0x00000000fc980000,0x00000000fc980000,0x00000000fe880000)
 ParOldGen       total 173568K, used 33991K [0x00000000c0000000, 0x00000000ca980000, 0x00000000eaa80000)
  object space 173568K, 19% used [0x00000000c0000000,0x00000000c2131f18,0x00000000ca980000)
 PSPermGen       total 80384K, used 47461K [0x00000000b0000000, 0x00000000b4e80000, 0x00000000c0000000)
  object space 80384K, 59% used [0x00000000b0000000,0x00000000b2e594b8,0x00000000b4e80000)
Event: 29.894 GC heap after
Heap after GC invocations=9 (full 1):
 PSYoungGen      total 293376K, used 21271K [0x00000000eaa80000, 0x0000000100000000, 0x0000000100000000)
  eden space 261632K, 0% used [0x00000000eaa80000,0x00000000eaa80000,0x00000000faa00000)
  from space 31744K, 67% used [0x00000000fc980000,0x00000000fde45e90,0x00000000fe880000)
  to   space 32256K, 0% used [0x00000000faa00000,0x00000000faa00000,0x00000000fc980000)
 ParOldGen       total 173568K, used 33999K [0x00000000c0000000, 0x00000000ca980000, 0x00000000eaa80000)
  object space 173568K, 19% used [0x00000000c0000000,0x00000000c2133f18,0x00000000ca980000)
 PSPermGen       total 80384K, used 47461K [0x00000000b0000000, 0x00000000b4e80000, 0x00000000c0000000)
  object space 80384K, 59% used [0x00000000b0000000,0x00000000b2e594b8,0x00000000b4e80000)
}
Event: 31.752 GC heap before
{Heap before GC invocations=10 (full 1):
 PSYoungGen      total 293376K, used 282903K [0x00000000eaa80000, 0x0000000100000000, 0x0000000100000000)
  eden space 261632K, 100% used [0x00000000eaa80000,0x00000000faa00000,0x00000000faa00000)
  from space 31744K, 67% used [0x00000000fc980000,0x00000000fde45e90,0x00000000fe880000)
  to   space 32256K, 0% used [0x00000000faa00000,0x00000000faa00000,0x00000000fc980000)
 ParOldGen       total 173568K, used 33999K [0x00000000c0000000, 0x00000000ca980000, 0x00000000eaa80000)
  object space 173568K, 19% used [0x00000000c0000000,0x00000000c2133f18,0x00000000ca980000)
 PSPermGen       total 80384K, used 54579K [0x00000000b0000000, 0x00000000b4e80000, 0x00000000c0000000)
  object space 80384K, 67% used [0x00000000b0000000,0x00000000b354ce50,0x00000000b4e80000)
Event: 31.785 GC heap after
Heap after GC invocations=10 (full 1):
 PSYoungGen      total 293888K, used 32245K [0x00000000eaa80000, 0x0000000100000000, 0x0000000100000000)
  eden space 261632K, 0% used [0x00000000eaa80000,0x00000000eaa80000,0x00000000faa00000)
  from space 32256K, 99% used [0x00000000faa00000,0x00000000fc97d690,0x00000000fc980000)
  to   space 39424K, 0% used [0x00000000fd980000,0x00000000fd980000,0x0000000100000000)
 ParOldGen       total 173568K, used 39981K [0x00000000c0000000, 0x00000000ca980000, 0x00000000eaa80000)
  object space 173568K, 23% used [0x00000000c0000000,0x00000000c270b790,0x00000000ca980000)
 PSPermGen       total 80384K, used 54579K [0x00000000b0000000, 0x00000000b4e80000, 0x00000000c0000000)
  object space 80384K, 67% used [0x00000000b0000000,0x00000000b354ce50,0x00000000b4e80000)
}
Event: 38.790 GC heap before
{Heap before GC invocations=11 (full 1):
 PSYoungGen      total 293888K, used 293877K [0x00000000eaa80000, 0x0000000100000000, 0x0000000100000000)
  eden space 261632K, 100% used [0x00000000eaa80000,0x00000000faa00000,0x00000000faa00000)
  from space 32256K, 99% used [0x00000000faa00000,0x00000000fc97d690,0x00000000fc980000)
  to   space 39424K, 0% used [0x00000000fd980000,0x00000000fd980000,0x0000000100000000)
 ParOldGen       total 173568K, used 39981K [0x00000000c0000000, 0x00000000ca980000, 0x00000000eaa80000)
  object space 173568K, 23% used [0x00000000c0000000,0x00000000c270b790,0x00000000ca980000)
 PSPermGen       total 80384K, used 64538K [0x00000000b0000000, 0x00000000b4e80000, 0x00000000c0000000)
  object space 80384K, 80% used [0x00000000b0000000,0x00000000b3f06b98,0x00000000b4e80000)
Event: 38.819 GC heap after
Heap after GC invocations=11 (full 1):
 PSYoungGen      total 285696K, used 39415K [0x00000000eaa80000, 0x0000000100000000, 0x0000000100000000)
  eden space 246272K, 0% used [0x00000000eaa80000,0x00000000eaa80000,0x00000000f9b00000)
  from space 39424K, 99% used [0x00000000fd980000,0x00000000ffffdc20,0x0000000100000000)
  to   space 51712K, 0% used [0x00000000f9b00000,0x00000000f9b00000,0x00000000fcd80000)
 ParOldGen       total 173568K, used 58590K [0x00000000c0000000, 0x00000000ca980000, 0x00000000eaa80000)
  object space 173568K, 33% used [0x00000000c0000000,0x00000000c3937b28,0x00000000ca980000)
 PSPermGen       total 80384K, used 64538K [0x00000000b0000000, 0x00000000b4e80000, 0x00000000c0000000)
  object space 80384K, 80% used [0x00000000b0000000,0x00000000b3f06b98,0x00000000b4e80000)
}

